<?xml version="1.0" encoding="UTF-8"?>
<!-- Generated by org.testng.reporters.JUnitXMLReporter -->
<testsuite hostname="groneickm.fritz.box" ignored="0" name="Default test" tests="6" failures="0" timestamp="19 Jun 2018 11:45:46 GMT" time="0.091" errors="0">
  <testcase name="testCalcBill" time="0.021" classname="TestNGOrder.TestNgOrder"/>
  <testcase name="testPayMethodNullsumWithoutDigPay" time="0.001" classname="TestNGOrder.TestNgOrder"/>
  <testcase name="testPayMethodWithDigitalPay" time="0.001" classname="TestNGOrder.TestNgOrder"/>
  <testcase name="testPayMethodWithNegChange" time="0.001" classname="TestNGOrder.TestNgOrder"/>
  <testcase name="testPayMethodWithPosChange" time="0.001" classname="TestNGOrder.TestNgOrder"/>
  <testcase name="testSalatAuswahl" time="0.002" classname="TestNGOrder.TestNgOrder"/>
</testsuite> <!-- Default test -->
