<?xml version="1.0" encoding="UTF-8"?>
<testng-results skipped="0" failed="0" ignored="0" total="6" passed="6">
  <reporter-output>
  </reporter-output>
  <suite name="Default suite" duration-ms="91" started-at="2018-06-19T11:45:45Z" finished-at="2018-06-19T11:45:46Z">
    <groups>
    </groups>
    <test name="Default test" duration-ms="91" started-at="2018-06-19T11:45:45Z" finished-at="2018-06-19T11:45:46Z">
      <class name="TestNGOrder.TestNgOrder">
        <test-method status="PASS" signature="testCalcBill()[pri:0, instance:TestNGOrder.TestNgOrder@10823d72]" name="testCalcBill" duration-ms="21" started-at="2018-06-19T11:45:46Z" finished-at="2018-06-19T11:45:46Z">
          <reporter-output>
          </reporter-output>
        </test-method> <!-- testCalcBill -->
        <test-method status="PASS" signature="testPayMethodNullsumWithoutDigPay()[pri:0, instance:TestNGOrder.TestNgOrder@10823d72]" name="testPayMethodNullsumWithoutDigPay" duration-ms="1" started-at="2018-06-19T11:45:46Z" finished-at="2018-06-19T11:45:46Z">
          <reporter-output>
          </reporter-output>
        </test-method> <!-- testPayMethodNullsumWithoutDigPay -->
        <test-method status="PASS" signature="testPayMethodWithDigitalPay()[pri:0, instance:TestNGOrder.TestNgOrder@10823d72]" name="testPayMethodWithDigitalPay" duration-ms="1" started-at="2018-06-19T11:45:46Z" finished-at="2018-06-19T11:45:46Z">
          <reporter-output>
          </reporter-output>
        </test-method> <!-- testPayMethodWithDigitalPay -->
        <test-method status="PASS" signature="testPayMethodWithNegChange()[pri:0, instance:TestNGOrder.TestNgOrder@10823d72]" name="testPayMethodWithNegChange" duration-ms="1" started-at="2018-06-19T11:45:46Z" finished-at="2018-06-19T11:45:46Z">
          <exception class="java.lang.Exception">
            <message>
              <![CDATA[zu wenig Geld bezahlt, bitte überprüfen.]]>
            </message>
            <full-stacktrace>
              <![CDATA[java.lang.Exception: zu wenig Geld bezahlt, bitte überprüfen.
at application.Model.pay(Model.java:32)
at TestNGOrder.TestNgOrder.testPayMethodWithNegChange(TestNgOrder.java:53)
at sun.reflect.NativeMethodAccessorImpl.invoke0(Native Method)
at sun.reflect.NativeMethodAccessorImpl.invoke(NativeMethodAccessorImpl.java:62)
at sun.reflect.DelegatingMethodAccessorImpl.invoke(DelegatingMethodAccessorImpl.java:43)
at java.lang.reflect.Method.invoke(Method.java:498)
at org.testng.internal.MethodInvocationHelper.invokeMethod(MethodInvocationHelper.java:124)
at org.testng.internal.Invoker.invokeMethod(Invoker.java:580)
at org.testng.internal.Invoker.invokeTestMethod(Invoker.java:716)
at org.testng.internal.Invoker.invokeTestMethods(Invoker.java:988)
at org.testng.internal.TestMethodWorker.invokeTestMethods(TestMethodWorker.java:125)
at org.testng.internal.TestMethodWorker.run(TestMethodWorker.java:109)
at org.testng.TestRunner.privateRun(TestRunner.java:648)
at org.testng.TestRunner.run(TestRunner.java:505)
at org.testng.SuiteRunner.runTest(SuiteRunner.java:455)
at org.testng.SuiteRunner.runSequentially(SuiteRunner.java:450)
at org.testng.SuiteRunner.privateRun(SuiteRunner.java:415)
at org.testng.SuiteRunner.run(SuiteRunner.java:364)
at org.testng.SuiteRunnerWorker.runSuite(SuiteRunnerWorker.java:52)
at org.testng.SuiteRunnerWorker.run(SuiteRunnerWorker.java:84)
at org.testng.TestNG.runSuitesSequentially(TestNG.java:1208)
at org.testng.TestNG.runSuitesLocally(TestNG.java:1137)
at org.testng.TestNG.runSuites(TestNG.java:1049)
at org.testng.TestNG.run(TestNG.java:1017)
at org.testng.remote.AbstractRemoteTestNG.run(AbstractRemoteTestNG.java:114)
at org.testng.remote.RemoteTestNG.initAndRun(RemoteTestNG.java:251)
at org.testng.remote.RemoteTestNG.main(RemoteTestNG.java:77)
]]>
            </full-stacktrace>
          </exception> <!-- java.lang.Exception -->
          <reporter-output>
          </reporter-output>
        </test-method> <!-- testPayMethodWithNegChange -->
        <test-method status="PASS" signature="testPayMethodWithPosChange()[pri:0, instance:TestNGOrder.TestNgOrder@10823d72]" name="testPayMethodWithPosChange" duration-ms="1" started-at="2018-06-19T11:45:46Z" finished-at="2018-06-19T11:45:46Z">
          <reporter-output>
          </reporter-output>
        </test-method> <!-- testPayMethodWithPosChange -->
        <test-method status="PASS" signature="testSalatAuswahl()[pri:0, instance:TestNGOrder.TestNgOrder@10823d72]" name="testSalatAuswahl" duration-ms="2" started-at="2018-06-19T11:45:46Z" finished-at="2018-06-19T11:45:46Z">
          <reporter-output>
          </reporter-output>
        </test-method> <!-- testSalatAuswahl -->
      </class> <!-- TestNGOrder.TestNgOrder -->
    </test> <!-- Default test -->
  </suite> <!-- Default suite -->
</testng-results>
